#
# A fatal error has been detected by the Java Runtime Environment:
#
#  Internal Error (exceptions.cpp:427), pid=14736, tid=0x0000000000004dd8
#  fatal error: ExceptionMark destructor expects no pending exceptions
#
# JRE version: Java(TM) SE Runtime Environment (8.0_101-b13) (build 1.8.0_101-b13)
# Java VM: Java HotSpot(TM) 64-Bit Server VM (25.101-b13 mixed mode windows-amd64 compressed oops)
# Failed to write core dump. Minidumps are not enabled by default on client versions of Windows
#
# If you would like to submit a bug report, please visit:
#   http://bugreport.java.com/bugreport/crash.jsp
#

---------------  T H R E A D  ---------------

Current thread (0x0000000002d78800):  JavaThread "main" [_thread_in_vm, id=19928, stack(0x0000000002c70000,0x0000000002d70000)]

Stack: [0x0000000002c70000,0x0000000002d70000]
[error occurred during error reporting (printing stack bounds), id 0xc0000005]

Native frames: (J=compiled Java code, j=interpreted, Vv=VM code, C=native code)


---------------  P R O C E S S  ---------------

Java Threads: ( => current thread )
  0x0000000027b7d800 JavaThread "C1 CompilerThread11" daemon [_thread_blocked, id=20580, stack(0x000000002a5b0000,0x000000002a6b0000)]
  0x0000000027b72800 JavaThread "C1 CompilerThread10" daemon [_thread_blocked, id=24044, stack(0x000000002a4b0000,0x000000002a5b0000)]
  0x0000000027b70000 JavaThread "C1 CompilerThread9" daemon [_thread_blocked, id=27880, stack(0x000000002a3b0000,0x000000002a4b0000)]
  0x0000000027b6d000 JavaThread "C1 CompilerThread8" daemon [_thread_blocked, id=24668, stack(0x000000002a2b0000,0x000000002a3b0000)]
  0x0000000027b6c800 JavaThread "C2 CompilerThread7" daemon [_thread_blocked, id=37844, stack(0x000000002a1b0000,0x000000002a2b0000)]
  0x0000000027b69800 JavaThread "C2 CompilerThread6" daemon [_thread_blocked, id=28136, stack(0x000000002a0b0000,0x000000002a1b0000)]
  0x0000000027b69000 JavaThread "C2 CompilerThread5" daemon [_thread_blocked, id=35792, stack(0x0000000029fb0000,0x000000002a0b0000)]
  0x0000000027b65000 JavaThread "C2 CompilerThread4" daemon [_thread_blocked, id=23736, stack(0x0000000029db0000,0x0000000029eb0000)]
  0x0000000027b04800 JavaThread "C2 CompilerThread3" daemon [_thread_blocked, id=9428, stack(0x0000000029cb0000,0x0000000029db0000)]
  0x0000000027afc000 JavaThread "C2 CompilerThread2" daemon [_thread_blocked, id=19712, stack(0x0000000029bb0000,0x0000000029cb0000)]
  0x0000000027afb800 JavaThread "C2 CompilerThread1" daemon [_thread_blocked, id=29192, stack(0x0000000029ab0000,0x0000000029bb0000)]
  0x0000000027af9800 JavaThread "C2 CompilerThread0" daemon [_thread_blocked, id=27448, stack(0x00000000299b0000,0x0000000029ab0000)]
  0x0000000027ae6000 JavaThread "JDWP Command Reader" daemon [_thread_in_native, id=27096, stack(0x00000000298b0000,0x00000000299b0000)]
  0x0000000027ae1000 JavaThread "JDWP Event Helper Thread" daemon [_thread_blocked, id=7588, stack(0x00000000297b0000,0x00000000298b0000)]
  0x0000000027ad8800 JavaThread "JDWP Transport Listener: dt_shmem" daemon [_thread_blocked, id=35036, stack(0x00000000296b0000,0x00000000297b0000)]
  0x0000000027ac9800 JavaThread "Attach Listener" daemon [_thread_blocked, id=34352, stack(0x00000000295b0000,0x00000000296b0000)]
  0x0000000027a70800 JavaThread "Signal Dispatcher" daemon [_thread_blocked, id=36304, stack(0x00000000294b0000,0x00000000295b0000)]
  0x0000000027a46800 JavaThread "Finalizer" daemon [_thread_blocked, id=34992, stack(0x00000000292b0000,0x00000000293b0000)]
  0x0000000025fe5800 JavaThread "Reference Handler" daemon [_thread_blocked, id=34164, stack(0x00000000291b0000,0x00000000292b0000)]
=>0x0000000002d78800 JavaThread "main" [_thread_in_vm, id=19928, stack(0x0000000002c70000,0x0000000002d70000)]

Other Threads:
  0x0000000027a24000 VMThread [stack: 0x00000000290b0000,0x00000000291b0000] [id=29860]

VM state:not at safepoint (normal execution)

VM Mutex/Monitor currently owned by a thread: None

Heap:
 PSYoungGen      total 150016K, used 14271K [0x0000000718d80000, 0x0000000723480000, 0x00000007c0000000)
  eden space 129024K, 11% used [0x0000000718d80000,0x0000000719b6fec8,0x0000000720b80000)
  from space 20992K, 0% used [0x0000000722000000,0x0000000722000000,0x0000000723480000)
  to   space 20992K, 0% used [0x0000000720b80000,0x0000000720b80000,0x0000000722000000)
 ParOldGen       total 343040K, used 0K [0x00000005ca800000, 0x00000005df700000, 0x0000000718d80000)
  object space 343040K, 0% used [0x00000005ca800000,0x00000005ca800000,0x00000005df700000)
 Metaspace       used 3081K, capacity 4562K, committed 4864K, reserved 1056768K
  class space    used 328K, capacity 386K, committed 512K, reserved 1048576K

Card table byte_map: [0x00000000123b0000,0x0000000013360000] byte_map_base: 0x000000000f55c000

Marking Bits: (ParMarkBitMap*) 0x000000006cc5a6d0
 Begin Bits: [0x0000000014ae0000, 0x000000001c840000)
 End Bits:   [0x000000001c840000, 0x00000000245a0000)

Polling page: 0x0000000000c40000

CodeCache: size=245760Kb used=2939Kb max_used=2939Kb free=242820Kb
 bounds [0x0000000002ff0000, 0x00000000032d0000, 0x0000000011ff0000]
 total_blobs=354 nmethods=116 adapters=156
 compilation: enabled

Compilation events (10 events):
Event: 0.172 Thread 0x0000000027b6d000  112       1       java.util.zip.ZipFile::access$400 (5 bytes)
Event: 0.172 Thread 0x0000000027b6d000 nmethod 112 0x00000000032c4e50 code [0x00000000032c4fa0, 0x00000000032c5090]
Event: 0.173 Thread 0x0000000027b72800  113       1       java.util.jar.Attributes$Name::isValid (32 bytes)
Event: 0.173 Thread 0x0000000027b7d800  114       1       java.util.jar.Attributes$Name::isAlpha (30 bytes)
Event: 0.173 Thread 0x0000000027b6d000  115       1       sun.misc.ASCIICaseInsensitiveComparator::toLower (16 bytes)
Event: 0.173 Thread 0x0000000027b70000  116       1       sun.misc.ASCIICaseInsensitiveComparator::isUpper (18 bytes)
Event: 0.173 Thread 0x0000000027b7d800 nmethod 114 0x00000000032c5110 code [0x00000000032c5260, 0x00000000032c5390]
Event: 0.173 Thread 0x0000000027b6d000 nmethod 115 0x00000000032c5410 code [0x00000000032c5560, 0x00000000032c5690]
Event: 0.173 Thread 0x0000000027b72800 nmethod 113 0x00000000032c5710 code [0x00000000032c5860, 0x00000000032c59f0]
Event: 0.173 Thread 0x0000000027b70000 nmethod 116 0x00000000032c5a50 code [0x00000000032c5ba0, 0x00000000032c5cb0]

GC Heap History (0 events):
No events

Deoptimization events (0 events):
No events

Internal exceptions (7 events):
Event: 0.030 Thread 0x0000000002d78800 Exception <a 'java/lang/NoSuchMethodError': Method sun.misc.Unsafe.defineClass(Ljava/lang/String;[BII)Ljava/lang/Class; name or signature does not match> (0x0000000718d87cc0) thrown at [C:\re\workspace\8-2-build-windows-amd64-cygwin\jdk8u101\7261\hotspot\séo<Èû?
Event: 0.030 Thread 0x0000000002d78800 Exception <a 'java/lang/NoSuchMethodError': Method sun.misc.Unsafe.prefetchRead(Ljava/lang/Object;J)V name or signature does not match> (0x0000000718d87fa8) thrown at [C:\re\workspace\8-2-build-windows-amd64-cygwin\jdk8u101\7261\hotspot\src\share\vm\prims\ÙÄ√UØl∆?
Event: 0.175 Thread 0x0000000002d78800 Exception <a 'java/lang/ClassCircularityError': java/lang/invoke/MethodHandleImpl> (0x00000007199a5460) thrown at [C:\re\workspace\8-2-build-windows-amd64-cygwin\jdk8u101\7261\hotspot\src\share\vm\classfile\systemDictionary.cpp, line 781]
Event: 0.175 Thread 0x0000000002d78800 Exception <a 'java/lang/ClassCircularityError'> (0x00000007199a5460) thrown at [C:\re\workspace\8-2-build-windows-amd64-cygwin\jdk8u101\7261\hotspot\src\share\vm\oops\instanceKlass.cpp, line 964]
Event: 0.175 Thread 0x0000000002d78800 Exception <a 'java/lang/BootstrapMethodError'> (0x00000007199a5668) thrown at [C:\re\workspace\8-2-build-windows-amd64-cygwin\jdk8u101\7261\hotspot\src\share\vm\interpreter\linkResolver.cpp, line 1612]
Event: 0.175 Thread 0x0000000002d78800 Exception <a 'java/lang/BootstrapMethodError'> (0x00000007199a5668) thrown at [C:\re\workspace\8-2-build-windows-amd64-cygwin\jdk8u101\7261\hotspot\src\share\vm\oops\instanceKlass.cpp, line 964]
Event: 0.178 Thread 0x0000000002d78800 Exception <a 'java/lang/NoClassDefFoundError': Could not initialize class java.lang.invoke.MethodHandleNatives> (0x00000007199b3fc8) thrown at [C:\re\workspace\8-2-build-windows-amd64-cygwin\jdk8u101\7261\hotspot\src\share\vm\oops\instanceKlass.cpp, line 8

Events (10 events):
Event: 0.177 loading class java/lang/ClassValue$Identity
Event: 0.177 loading class java/lang/ClassValue$Identity done
Event: 0.177 loading class java/lang/ClassValue$Version
Event: 0.177 loading class java/lang/ClassValue$Version done
Event: 0.177 loading class java/lang/invoke/MemberName$Factory
Event: 0.177 loading class java/lang/invoke/MemberName$Factory done
Event: 0.177 loading class java/lang/invoke/MethodHandleStatics
Event: 0.177 loading class java/lang/invoke/MethodHandleStatics done
Event: 0.177 loading class java/lang/invoke/MethodHandleStatics$1
Event: 0.178 loading class java/lang/invoke/MethodHandleStatics$1 done


Dynamic libraries:
0x00007ff6dc0d0000 - 0x00007ff6dc107000 	C:\Program Files\Java\jdk1.8.0_101\bin\java.exe
0x00007ff93c550000 - 0x00007ff93c767000 	C:\WINDOWS\SYSTEM32\ntdll.dll
0x00007ff93bda0000 - 0x00007ff93be64000 	C:\WINDOWS\System32\KERNEL32.DLL
0x00007ff939870000 - 0x00007ff939c1d000 	C:\WINDOWS\System32\KERNELBASE.dll
0x00007ff93aec0000 - 0x00007ff93af72000 	C:\WINDOWS\System32\ADVAPI32.dll
0x00007ff93c190000 - 0x00007ff93c237000 	C:\WINDOWS\System32\msvcrt.dll
0x00007ff93ac30000 - 0x00007ff93acd9000 	C:\WINDOWS\System32\sechost.dll
0x00007ff939dc0000 - 0x00007ff939de8000 	C:\WINDOWS\System32\bcrypt.dll
0x00007ff93ab10000 - 0x00007ff93ac24000 	C:\WINDOWS\System32\RPCRT4.dll
0x00007ff93a280000 - 0x00007ff93a42e000 	C:\WINDOWS\System32\USER32.dll
0x00007ff93a0e0000 - 0x00007ff93a106000 	C:\WINDOWS\System32\win32u.dll
0x00007ff93aab0000 - 0x00007ff93aad9000 	C:\WINDOWS\System32\GDI32.dll
0x00007ff939df0000 - 0x00007ff939f09000 	C:\WINDOWS\System32\gdi32full.dll
0x00007ff93a040000 - 0x00007ff93a0da000 	C:\WINDOWS\System32\msvcp_win.dll
0x00007ff939c20000 - 0x00007ff939d31000 	C:\WINDOWS\System32\ucrtbase.dll
0x00007ff9154e0000 - 0x00007ff915773000 	C:\WINDOWS\WinSxS\amd64_microsoft.windows.common-controls_6595b64144ccf1df_6.0.22621.3672_none_2713b9d173822955\COMCTL32.dll
0x00007ff93b9d0000 - 0x00007ff93ba01000 	C:\WINDOWS\System32\IMM32.DLL
0x000000006cce0000 - 0x000000006cdb2000 	C:\Program Files\Java\jdk1.8.0_101\jre\bin\msvcr100.dll
0x000000006c440000 - 0x000000006ccda000 	C:\Program Files\Java\jdk1.8.0_101\jre\bin\server\jvm.dll
0x00007ff93c020000 - 0x00007ff93c028000 	C:\WINDOWS\System32\PSAPI.DLL
0x00007ff8f8360000 - 0x00007ff8f8369000 	C:\WINDOWS\SYSTEM32\WSOCK32.dll
0x00007ff93ace0000 - 0x00007ff93ad51000 	C:\WINDOWS\System32\WS2_32.dll
0x00007ff92fca0000 - 0x00007ff92fcaa000 	C:\WINDOWS\SYSTEM32\VERSION.dll
0x00007ff933470000 - 0x00007ff9334a4000 	C:\WINDOWS\SYSTEM32\WINMM.dll
0x000000006c430000 - 0x000000006c43f000 	C:\Program Files\Java\jdk1.8.0_101\jre\bin\verify.dll
0x000000006c400000 - 0x000000006c429000 	C:\Program Files\Java\jdk1.8.0_101\jre\bin\java.dll
0x000000006c3c0000 - 0x000000006c3f5000 	C:\Program Files\Java\jdk1.8.0_101\jre\bin\jdwp.dll
0x000000006c390000 - 0x000000006c3b3000 	C:\Program Files\Java\jdk1.8.0_101\jre\bin\instrument.dll
0x000000006c380000 - 0x000000006c388000 	C:\Program Files\Java\jdk1.8.0_101\jre\bin\npt.dll
0x000000006c360000 - 0x000000006c376000 	C:\Program Files\Java\jdk1.8.0_101\jre\bin\zip.dll
0x00007ff93b100000 - 0x00007ff93b968000 	C:\WINDOWS\System32\SHELL32.dll
0x00007ff9377a0000 - 0x00007ff93809e000 	C:\WINDOWS\SYSTEM32\windows.storage.dll
0x00007ff93ba10000 - 0x00007ff93bd9d000 	C:\WINDOWS\System32\combase.dll
0x00007ff937660000 - 0x00007ff93779f000 	C:\WINDOWS\SYSTEM32\wintypes.dll
0x00007ff93c030000 - 0x00007ff93c129000 	C:\WINDOWS\System32\SHCORE.dll
0x00007ff93b970000 - 0x00007ff93b9ce000 	C:\WINDOWS\System32\shlwapi.dll
0x00007ff9397a0000 - 0x00007ff9397c1000 	C:\WINDOWS\SYSTEM32\profapi.dll
0x000000006c350000 - 0x000000006c35b000 	C:\Program Files\Java\jdk1.8.0_101\jre\bin\dt_shmem.dll

VM Arguments:
jvm_args: -Xdebug -Xnoagent -Djava.compiler=NONE -Xrunjdwp:transport=dt_shmem,address=javadebug,suspend=y,server=n -XX:TieredStopAtLevel=1 -Xverify:none -Dspring.output.ansi.enabled=always -Dcom.sun.management.jmxremote -Dspring.jmx.enabled=true -Dspring.liveBeansView.mbeanDomain -Dspring.application.admin.enabled=true -Dmanagement.endpoints.jmx.exposure.include=* -javaagent:C:\Users\Administrator\AppData\Local\JetBrains\IntelliJIdea2024.1\captureAgent\debugger-agent.jar -Dfile.encoding=UTF-8 
java_command: com.zkh.gateway.GatewayBootApplication
java_class_path (initial): C:\Program Files\Java\jdk1.8.0_101\jre\lib\charsets.jar;C:\Program Files\Java\jdk1.8.0_101\jre\lib\deploy.jar;C:\Program Files\Java\jdk1.8.0_101\jre\lib\ext\access-bridge-64.jar;C:\Program Files\Java\jdk1.8.0_101\jre\lib\ext\cldrdata.jar;C:\Program Files\Java\jdk1.8.0_101\jre\lib\ext\dnsns.jar;C:\Program Files\Java\jdk1.8.0_101\jre\lib\ext\jaccess.jar;C:\Program Files\Java\jdk1.8.0_101\jre\lib\ext\jfxrt.jar;C:\Program Files\Java\jdk1.8.0_101\jre\lib\ext\localedata.jar;C:\Program Files\Java\jdk1.8.0_101\jre\lib\ext\nashorn.jar;C:\Program Files\Java\jdk1.8.0_101\jre\lib\ext\sunec.jar;C:\Program Files\Java\jdk1.8.0_101\jre\lib\ext\sunjce_provider.jar;C:\Program Files\Java\jdk1.8.0_101\jre\lib\ext\sunmscapi.jar;C:\Program Files\Java\jdk1.8.0_101\jre\lib\ext\sunpkcs11.jar;C:\Program Files\Java\jdk1.8.0_101\jre\lib\ext\zipfs.jar;C:\Program Files\Java\jdk1.8.0_101\jre\lib\javaws.jar;C:\Program Files\Java\jdk1.8.0_101\jre\lib\jce.jar;C:\Program Files\Java\jdk1.8.0_101\jre\lib\jfr.jar;C:\Program Files\Java\jdk1.8.0_101\jre\lib\jfxswt.jar;C:\Program Files\Java\jdk1.8.0_101\jre\lib\jsse.jar;C:\Program Files\Java\jdk1.8.0_101\jre\lib\management-agent.jar;C:\Program Files\Java\jdk1.8.0_101\jre\lib\plugin.jar;C:\Program Files\Java\jdk1.8.0_101\jre\lib\resources.jar;C:\Program Files\Java\jdk1.8.0_101\jre\lib\rt.jar;C:\Users\Administrator\IdeaProjects\power-mall\cloud-iaas\gateway-server\target\classes;D:\Maven_repository\com\alibaba\cloud\spring-cloud-starter-alibaba-nacos-discovery\2021.0.1.0\spring-cloud-starter-alibaba-nacos-discovery-2021.0.1.0.jar;D:\Maven_repository\com\alibaba\cloud\spring-cloud-alibaba-commons\2021.0.1.0\spring-cloud-alibaba-commons-2021.0.1.0.jar;D:\Maven_repository\com\alibaba\nacos\nacos-client\1.4.2\nacos-client-1.4.2.jar;D:\Maven_repository\com\alibaba\nacos\nacos-common\1.4.2\nacos-common-1.4.2.jar;D:\Maven_repository\commons-io\commons-io\2.7\commons-io-2.7.jar;D:\Maven_repository\org\apache\httpcomponents\httpasyncclien
Launcher Type: SUN_STANDARD

Environment Variables:
JAVA_HOME=C:\Program Files\Java\jdk-1.8
CLASSPATH=.;C:\Program Files\apache-tomcat-11.0.0-M13\lib\servlet-api.jar;C:\Program Files\Java\jdk-1.8\lib;
PATH=C:\ProgramData\Oracle\Java\javapath;C:\Program Files\Java\jdk-1.8\bin;C:\Program Files\Java\jdk-1.8\jre\bin;D:\VMware\bin\;C:\Program Files\Common Files\Oracle\Java\javapath;C:\Program Files (x86)\Common Files\Oracle\Java\java8path;C:\Program Files (x86)\Common Files\Oracle\Java\javapath;C:\WINDOWS\system32;C:\WINDOWS;C:\WINDOWS\System32\Wbem;G:\mysql-8.3.0-winx64\mysql-8.3.0-winx64\bin;"C:\Program Files\apache-tomcat-11.0.0-M13\lib;";"C:\Program Files\apache-tomcat-11.0.0-M13lib\jsp-api.jar;";C:\Program Files\apache-tomcat-11.0.0-M13\bin\stoptomcat.bat;C:\WINDOWS\System32\OpenSSH\;C:\WINDOWS\System32\WindowsPowerShell\v1.0\;C:\Program Files\Java\jdk-21;C:\Program Files\apache-tomcat-11.0.0-M13\bin;F:\JAVA reference\maven_\apache-maven-3.9.6\bin;C:\Program Files\dotnet\;D:\TortoiseGit\bin;D:\Git\cmd;D:\xshell 8\;D:\Xftp8\;C:\Users\Administrator\AppData\Local\Microsoft\WindowsApps;D:\IntelliJ IDEA 2024.1.1\bin;;D:\PyCharm 2023.2\bin;;D:\Microsoft VS Code\bin;D:\mysql-8.1.0-winx64\mysql-8.1.0-winx64\bin;D:\apache-tomcat-11.0.0-M13-windows-x64\apache-tomcat-11.0.0-M13\bin;C:\Users\Administrator\AppData\Local\GitHubDesktop\bin
USERNAME=Administrator
OS=Windows_NT
PROCESSOR_IDENTIFIER=Intel64 Family 6 Model 191 Stepping 2, GenuineIntel



---------------  S Y S T E M  ---------------

OS: Windows 10.0 , 64 bit Build 22621 (10.0.22621.3958)

CPU:total 16 (8 cores per cpu, 2 threads per core) family 6 model 191 stepping 2, cmov, cx8, fxsr, mmx, sse, sse2, sse3, ssse3, sse4.1, sse4.2, popcnt, avx, avx2, aes, clmul, erms, 3dnowpref, lzcnt, ht, tsc, tscinvbit, bmi1, bmi2, adx

Memory: 4k page, physical 32860920k(16885836k free), swap 35692536k(13125608k free)

vm_info: Java HotSpot(TM) 64-Bit Server VM (25.101-b13) for windows-amd64 JRE (1.8.0_101-b13), built on Jun 22 2016 01:21:29 by "java_re" with MS VC++ 10.0 (VS2010)

time: Sat Sep 07 21:20:05 2024
elapsed time: 0 seconds (0d 0h 0m 0s)

